2021-12-18 09:48:28.507  INFO 2408 --- [restartedMain] .r.RestaurantManagementSystemApplication : Starting RestaurantManagementSystemApplication using Java 17 on LIN76005265 with PID 2408 (C:\Users\sbangari\Downloads\RestaurantManagementSystem\RestaurantManagemetSystem-main\RestaurantManagementSystem\bin\main started by sbangari in C:\Users\sbangari\Downloads\RestaurantManagementSystem\RestaurantManagemetSystem-main\RestaurantManagementSystem)
2021-12-18 09:48:28.519  INFO 2408 --- [restartedMain] .r.RestaurantManagementSystemApplication : No active profile set, falling back to default profiles: default
2021-12-18 09:48:28.624  INFO 2408 --- [restartedMain] .e.DevToolsPropertyDefaultsPostProcessor : Devtools property defaults active! Set 'spring.devtools.add-properties' to 'false' to disable
2021-12-18 09:48:28.625  INFO 2408 --- [restartedMain] .e.DevToolsPropertyDefaultsPostProcessor : For additional web related logging consider setting the 'logging.level.web' property to 'DEBUG'
2021-12-18 09:48:30.392  INFO 2408 --- [restartedMain] .s.d.r.c.RepositoryConfigurationDelegate : Bootstrapping Spring Data JPA repositories in DEFAULT mode.
2021-12-18 09:48:30.536  INFO 2408 --- [restartedMain] .s.d.r.c.RepositoryConfigurationDelegate : Finished Spring Data repository scanning in 123 ms. Found 6 JPA repository interfaces.
2021-12-18 09:48:31.832  INFO 2408 --- [restartedMain] o.s.b.w.embedded.tomcat.TomcatWebServer  : Tomcat initialized with port(s): 8081 (http)
2021-12-18 09:48:31.848  INFO 2408 --- [restartedMain] o.apache.catalina.core.StandardService   : Starting service [Tomcat]
2021-12-18 09:48:31.849  INFO 2408 --- [restartedMain] org.apache.catalina.core.StandardEngine  : Starting Servlet engine: [Apache Tomcat/9.0.55]
2021-12-18 09:48:32.060  INFO 2408 --- [restartedMain] o.a.c.c.C.[Tomcat].[localhost].[/rms]    : Initializing Spring embedded WebApplicationContext
2021-12-18 09:48:32.061  INFO 2408 --- [restartedMain] w.s.c.ServletWebServerApplicationContext : Root WebApplicationContext: initialization completed in 3435 ms
2021-12-18 09:48:32.279 DEBUG 2408 --- [restartedMain] o.s.w.f.CommonsRequestLoggingFilter      : Filter 'requestLoggingFilter' configured for use
2021-12-18 09:48:32.544  INFO 2408 --- [restartedMain] o.hibernate.jpa.internal.util.LogHelper  : HHH000204: Processing PersistenceUnitInfo [name: default]
2021-12-18 09:48:32.671  INFO 2408 --- [restartedMain] org.hibernate.Version                    : HHH000412: Hibernate ORM core version 5.4.32.Final
2021-12-18 09:48:33.044  INFO 2408 --- [restartedMain] o.hibernate.annotations.common.Version   : HCANN000001: Hibernate Commons Annotations {5.1.2.Final}
2021-12-18 09:48:33.263  INFO 2408 --- [restartedMain] com.zaxxer.hikari.HikariDataSource       : HikariPool-1 - Starting...
2021-12-18 09:48:34.080  INFO 2408 --- [restartedMain] com.zaxxer.hikari.HikariDataSource       : HikariPool-1 - Start completed.
2021-12-18 09:48:34.120  INFO 2408 --- [restartedMain] org.hibernate.dialect.Dialect            : HHH000400: Using dialect: org.hibernate.dialect.PostgreSQLDialect
2021-12-18 09:48:35.703  INFO 2408 --- [restartedMain] o.h.e.t.j.p.i.JtaPlatformInitiator       : HHH000490: Using JtaPlatform implementation: [org.hibernate.engine.transaction.jta.platform.internal.NoJtaPlatform]
2021-12-18 09:48:35.719  INFO 2408 --- [restartedMain] j.LocalContainerEntityManagerFactoryBean : Initialized JPA EntityManagerFactory for persistence unit 'default'
2021-12-18 09:48:37.028  WARN 2408 --- [restartedMain] JpaBaseConfiguration$JpaWebConfiguration : spring.jpa.open-in-view is enabled by default. Therefore, database queries may be performed during view rendering. Explicitly configure spring.jpa.open-in-view to disable this warning
2021-12-18 09:48:38.085  INFO 2408 --- [restartedMain] o.s.b.d.a.OptionalLiveReloadServer       : LiveReload server is running on port 35729
2021-12-18 09:48:38.948  INFO 2408 --- [restartedMain] o.s.b.w.embedded.tomcat.TomcatWebServer  : Tomcat started on port(s): 8081 (http) with context path '/rms'
2021-12-18 09:48:39.649  INFO 2408 --- [restartedMain] .r.RestaurantManagementSystemApplication : Started RestaurantManagementSystemApplication in 11.934 seconds (JVM running for 13.526)
2021-12-18 09:49:06.431  INFO 2408 --- [http-nio-8081-exec-1] o.a.c.c.C.[Tomcat].[localhost].[/rms]    : Initializing Spring DispatcherServlet 'dispatcherServlet'
2021-12-18 09:49:06.432  INFO 2408 --- [http-nio-8081-exec-1] o.s.web.servlet.DispatcherServlet        : Initializing Servlet 'dispatcherServlet'
2021-12-18 09:49:06.437  INFO 2408 --- [http-nio-8081-exec-1] o.s.web.servlet.DispatcherServlet        : Completed initialization in 4 ms
2021-12-18 09:49:06.482 DEBUG 2408 --- [http-nio-8081-exec-1] o.s.w.f.CommonsRequestLoggingFilter      : Before request [GET /rms/swagger-ui/, client=0:0:0:0:0:0:0:1]
2021-12-18 09:49:06.636 DEBUG 2408 --- [http-nio-8081-exec-1] o.s.w.f.CommonsRequestLoggingFilter      : After request [GET /rms/swagger-ui/, client=0:0:0:0:0:0:0:1]
2021-12-18 09:49:06.710 DEBUG 2408 --- [http-nio-8081-exec-2] o.s.w.f.CommonsRequestLoggingFilter      : Before request [GET /rms/swagger-ui/springfox.css?v=3.0.0, client=0:0:0:0:0:0:0:1]
2021-12-18 09:49:06.718 DEBUG 2408 --- [http-nio-8081-exec-4] o.s.w.f.CommonsRequestLoggingFilter      : Before request [GET /rms/swagger-ui/swagger-ui-bundle.js?v=3.0.0, client=0:0:0:0:0:0:0:1]
2021-12-18 09:49:06.718 DEBUG 2408 --- [http-nio-8081-exec-5] o.s.w.f.CommonsRequestLoggingFilter      : Before request [GET /rms/swagger-ui/swagger-ui-standalone-preset.js?v=3.0.0, client=0:0:0:0:0:0:0:1]
2021-12-18 09:49:06.722 DEBUG 2408 --- [http-nio-8081-exec-6] o.s.w.f.CommonsRequestLoggingFilter      : Before request [GET /rms/swagger-ui/springfox.js?v=3.0.0, client=0:0:0:0:0:0:0:1]
2021-12-18 09:49:06.724 DEBUG 2408 --- [http-nio-8081-exec-3] o.s.w.f.CommonsRequestLoggingFilter      : Before request [GET /rms/swagger-ui/swagger-ui.css?v=3.0.0, client=0:0:0:0:0:0:0:1]
2021-12-18 09:49:06.725 DEBUG 2408 --- [http-nio-8081-exec-2] o.s.w.f.CommonsRequestLoggingFilter      : After request [GET /rms/swagger-ui/springfox.css?v=3.0.0, client=0:0:0:0:0:0:0:1]
2021-12-18 09:49:06.739 DEBUG 2408 --- [http-nio-8081-exec-6] o.s.w.f.CommonsRequestLoggingFilter      : After request [GET /rms/swagger-ui/springfox.js?v=3.0.0, client=0:0:0:0:0:0:0:1]
2021-12-18 09:49:06.743 DEBUG 2408 --- [http-nio-8081-exec-3] o.s.w.f.CommonsRequestLoggingFilter      : After request [GET /rms/swagger-ui/swagger-ui.css?v=3.0.0, client=0:0:0:0:0:0:0:1]
2021-12-18 09:49:06.753 DEBUG 2408 --- [http-nio-8081-exec-5] o.s.w.f.CommonsRequestLoggingFilter      : After request [GET /rms/swagger-ui/swagger-ui-standalone-preset.js?v=3.0.0, client=0:0:0:0:0:0:0:1]
2021-12-18 09:49:06.779 DEBUG 2408 --- [http-nio-8081-exec-4] o.s.w.f.CommonsRequestLoggingFilter      : After request [GET /rms/swagger-ui/swagger-ui-bundle.js?v=3.0.0, client=0:0:0:0:0:0:0:1]
2021-12-18 09:49:07.093 DEBUG 2408 --- [http-nio-8081-exec-7] o.s.w.f.CommonsRequestLoggingFilter      : Before request [GET /rms/swagger-resources/configuration/ui, client=0:0:0:0:0:0:0:1]
2021-12-18 09:49:07.098 DEBUG 2408 --- [http-nio-8081-exec-8] o.s.w.f.CommonsRequestLoggingFilter      : Before request [GET /rms/swagger-ui/favicon-32x32.png?v=3.0.0, client=0:0:0:0:0:0:0:1]
2021-12-18 09:49:07.120 DEBUG 2408 --- [http-nio-8081-exec-8] o.s.w.f.CommonsRequestLoggingFilter      : After request [GET /rms/swagger-ui/favicon-32x32.png?v=3.0.0, client=0:0:0:0:0:0:0:1]
2021-12-18 09:49:07.261 DEBUG 2408 --- [http-nio-8081-exec-7] o.s.w.f.CommonsRequestLoggingFilter      : After request [GET /rms/swagger-resources/configuration/ui, client=0:0:0:0:0:0:0:1]
2021-12-18 09:49:07.272 DEBUG 2408 --- [http-nio-8081-exec-9] o.s.w.f.CommonsRequestLoggingFilter      : Before request [GET /rms/swagger-resources/configuration/security, client=0:0:0:0:0:0:0:1]
2021-12-18 09:49:07.282 DEBUG 2408 --- [http-nio-8081-exec-9] o.s.w.f.CommonsRequestLoggingFilter      : After request [GET /rms/swagger-resources/configuration/security, client=0:0:0:0:0:0:0:1]
2021-12-18 09:49:07.296 DEBUG 2408 --- [http-nio-8081-exec-10] o.s.w.f.CommonsRequestLoggingFilter      : Before request [GET /rms/swagger-resources, client=0:0:0:0:0:0:0:1]
2021-12-18 09:49:07.308 DEBUG 2408 --- [http-nio-8081-exec-10] o.s.w.f.CommonsRequestLoggingFilter      : After request [GET /rms/swagger-resources, client=0:0:0:0:0:0:0:1]
2021-12-18 09:49:07.397 DEBUG 2408 --- [http-nio-8081-exec-1] o.s.w.f.CommonsRequestLoggingFilter      : Before request [GET /rms/v2/api-docs, client=0:0:0:0:0:0:0:1]
2021-12-18 09:49:07.853 DEBUG 2408 --- [http-nio-8081-exec-1] o.s.w.f.CommonsRequestLoggingFilter      : After request [GET /rms/v2/api-docs, client=0:0:0:0:0:0:0:1]
2021-12-18 09:50:22.600  INFO 4236 --- [Test worker] com.rms.EmployeeControllerTest           : Starting EmployeeControllerTest using Java 17 on LIN76005265 with PID 4236 (started by sbangari in C:\Users\sbangari\Downloads\RestaurantManagementSystem\RestaurantManagemetSystem-main\RestaurantManagementSystem)
2021-12-18 09:50:22.603  INFO 4236 --- [Test worker] com.rms.EmployeeControllerTest           : The following profiles are active: Test
2021-12-18 09:50:27.949  INFO 4236 --- [Test worker] o.s.b.t.m.w.SpringBootMockServletContext : Initializing Spring TestDispatcherServlet ''
2021-12-18 09:50:27.951  INFO 4236 --- [Test worker] o.s.t.web.servlet.TestDispatcherServlet  : Initializing Servlet ''
2021-12-18 09:50:27.955  INFO 4236 --- [Test worker] o.s.t.web.servlet.TestDispatcherServlet  : Completed initialization in 4 ms
2021-12-18 09:50:28.575  INFO 4236 --- [Test worker] com.rms.EmployeeControllerTest           : Started EmployeeControllerTest in 6.775 seconds (JVM running for 9.463)
2021-12-18 09:50:28.738 DEBUG 4236 --- [Test worker] o.s.w.f.CommonsRequestLoggingFilter      : Before request [GET /api/v1/employees, client=127.0.0.1]
2021-12-18 09:50:28.847 DEBUG 4236 --- [Test worker] o.s.w.f.CommonsRequestLoggingFilter      : After request [GET /api/v1/employees, client=127.0.0.1]
2021-12-18 09:50:29.007  INFO 4236 --- [Test worker] .b.t.a.w.s.WebMvcTestContextBootstrapper : Neither @ContextConfiguration nor @ContextHierarchy found for test class [com.rms.FeedbackControllerTest], using SpringBootContextLoader
2021-12-18 09:50:29.009  INFO 4236 --- [Test worker] o.s.t.c.support.AbstractContextLoader    : Could not detect default resource locations for test class [com.rms.FeedbackControllerTest]: no resource found for suffixes {-context.xml, Context.groovy}.
2021-12-18 09:50:29.010  INFO 4236 --- [Test worker] t.c.s.AnnotationConfigContextLoaderUtils : Could not detect default configuration classes for test class [com.rms.FeedbackControllerTest]: FeedbackControllerTest does not declare any static, non-private, non-final, nested classes annotated with @Configuration.
2021-12-18 09:50:29.019  INFO 4236 --- [Test worker] .b.t.c.SpringBootTestContextBootstrapper : Found @SpringBootConfiguration com.rms.RestaurantManagementSystemApplication for test class com.rms.FeedbackControllerTest
2021-12-18 09:50:29.021  INFO 4236 --- [Test worker] .b.t.a.w.s.WebMvcTestContextBootstrapper : Loaded default TestExecutionListener class names from location [META-INF/spring.factories]: [org.springframework.boot.test.autoconfigure.restdocs.RestDocsTestExecutionListener, org.springframework.boot.test.autoconfigure.web.client.MockRestServiceServerResetTestExecutionListener, org.springframework.boot.test.autoconfigure.web.servlet.MockMvcPrintOnlyOnFailureTestExecutionListener, org.springframework.boot.test.autoconfigure.web.servlet.WebDriverTestExecutionListener, org.springframework.boot.test.autoconfigure.webservices.client.MockWebServiceServerTestExecutionListener, org.springframework.boot.test.mock.mockito.MockitoTestExecutionListener, org.springframework.boot.test.mock.mockito.ResetMocksTestExecutionListener, org.springframework.test.context.web.ServletTestExecutionListener, org.springframework.test.context.support.DirtiesContextBeforeModesTestExecutionListener, org.springframework.test.context.event.ApplicationEventsTestExecutionListener, org.springframework.test.context.support.DependencyInjectionTestExecutionListener, org.springframework.test.context.support.DirtiesContextTestExecutionListener, org.springframework.test.context.transaction.TransactionalTestExecutionListener, org.springframework.test.context.jdbc.SqlScriptsTestExecutionListener, org.springframework.test.context.event.EventPublishingTestExecutionListener]
2021-12-18 09:50:29.022  INFO 4236 --- [Test worker] .b.t.a.w.s.WebMvcTestContextBootstrapper : Using TestExecutionListeners: [org.springframework.test.context.web.ServletTestExecutionListener@2d34866a, org.springframework.test.context.support.DirtiesContextBeforeModesTestExecutionListener@26291192, org.springframework.test.context.event.ApplicationEventsTestExecutionListener@27d5eb00, org.springframework.boot.test.mock.mockito.MockitoTestExecutionListener@2b540131, org.springframework.boot.test.autoconfigure.SpringBootDependencyInjectionTestExecutionListener@225ac5e7, org.springframework.test.context.support.DirtiesContextTestExecutionListener@4c91f5bf, org.springframework.test.context.transaction.TransactionalTestExecutionListener@44948ac6, org.springframework.test.context.jdbc.SqlScriptsTestExecutionListener@4fc256ec, org.springframework.test.context.event.EventPublishingTestExecutionListener@3bc3d70e, org.springframework.boot.test.autoconfigure.restdocs.RestDocsTestExecutionListener@78bce1c4, org.springframework.boot.test.autoconfigure.web.client.MockRestServiceServerResetTestExecutionListener@189e96af, org.springframework.boot.test.autoconfigure.web.servlet.MockMvcPrintOnlyOnFailureTestExecutionListener@45b6c666, org.springframework.boot.test.autoconfigure.web.servlet.WebDriverTestExecutionListener@60e80279, org.springframework.boot.test.autoconfigure.webservices.client.MockWebServiceServerTestExecutionListener@7fc56d61, org.springframework.boot.test.mock.mockito.ResetMocksTestExecutionListener@1382a7d8]
2021-12-18 09:50:29.091  INFO 4236 --- [Test worker] com.rms.FeedbackControllerTest           : Starting FeedbackControllerTest using Java 17 on LIN76005265 with PID 4236 (started by sbangari in C:\Users\sbangari\Downloads\RestaurantManagementSystem\RestaurantManagemetSystem-main\RestaurantManagementSystem)
2021-12-18 09:50:29.091  INFO 4236 --- [Test worker] com.rms.FeedbackControllerTest           : No active profile set, falling back to default profiles: default
2021-12-18 09:50:31.010  INFO 4236 --- [Test worker] o.s.b.t.m.w.SpringBootMockServletContext : Initializing Spring TestDispatcherServlet ''
2021-12-18 09:50:31.011  INFO 4236 --- [Test worker] o.s.t.web.servlet.TestDispatcherServlet  : Initializing Servlet ''
2021-12-18 09:50:31.013  INFO 4236 --- [Test worker] o.s.t.web.servlet.TestDispatcherServlet  : Completed initialization in 1 ms
2021-12-18 09:50:31.214  INFO 4236 --- [Test worker] com.rms.FeedbackControllerTest           : Started FeedbackControllerTest in 2.185 seconds (JVM running for 12.101)
2021-12-18 09:50:31.232 DEBUG 4236 --- [Test worker] o.s.w.f.CommonsRequestLoggingFilter      : Before request [GET /feedback, client=127.0.0.1]
2021-12-18 09:50:31.240 DEBUG 4236 --- [Test worker] o.s.w.f.CommonsRequestLoggingFilter      : After request [GET /feedback, client=127.0.0.1]
2021-12-18 09:50:31.258  INFO 4236 --- [Test worker] .b.t.a.w.s.WebMvcTestContextBootstrapper : Neither @ContextConfiguration nor @ContextHierarchy found for test class [com.rms.MenuWebLayerTest], using SpringBootContextLoader
2021-12-18 09:50:31.260  INFO 4236 --- [Test worker] o.s.t.c.support.AbstractContextLoader    : Could not detect default resource locations for test class [com.rms.MenuWebLayerTest]: no resource found for suffixes {-context.xml, Context.groovy}.
2021-12-18 09:50:31.261  INFO 4236 --- [Test worker] t.c.s.AnnotationConfigContextLoaderUtils : Could not detect default configuration classes for test class [com.rms.MenuWebLayerTest]: MenuWebLayerTest does not declare any static, non-private, non-final, nested classes annotated with @Configuration.
2021-12-18 09:50:31.267  INFO 4236 --- [Test worker] .b.t.c.SpringBootTestContextBootstrapper : Found @SpringBootConfiguration com.rms.RestaurantManagementSystemApplication for test class com.rms.MenuWebLayerTest
2021-12-18 09:50:31.269  INFO 4236 --- [Test worker] .b.t.a.w.s.WebMvcTestContextBootstrapper : Loaded default TestExecutionListener class names from location [META-INF/spring.factories]: [org.springframework.boot.test.autoconfigure.restdocs.RestDocsTestExecutionListener, org.springframework.boot.test.autoconfigure.web.client.MockRestServiceServerResetTestExecutionListener, org.springframework.boot.test.autoconfigure.web.servlet.MockMvcPrintOnlyOnFailureTestExecutionListener, org.springframework.boot.test.autoconfigure.web.servlet.WebDriverTestExecutionListener, org.springframework.boot.test.autoconfigure.webservices.client.MockWebServiceServerTestExecutionListener, org.springframework.boot.test.mock.mockito.MockitoTestExecutionListener, org.springframework.boot.test.mock.mockito.ResetMocksTestExecutionListener, org.springframework.test.context.web.ServletTestExecutionListener, org.springframework.test.context.support.DirtiesContextBeforeModesTestExecutionListener, org.springframework.test.context.event.ApplicationEventsTestExecutionListener, org.springframework.test.context.support.DependencyInjectionTestExecutionListener, org.springframework.test.context.support.DirtiesContextTestExecutionListener, org.springframework.test.context.transaction.TransactionalTestExecutionListener, org.springframework.test.context.jdbc.SqlScriptsTestExecutionListener, org.springframework.test.context.event.EventPublishingTestExecutionListener]
2021-12-18 09:50:31.270  INFO 4236 --- [Test worker] .b.t.a.w.s.WebMvcTestContextBootstrapper : Using TestExecutionListeners: [org.springframework.test.context.web.ServletTestExecutionListener@6442cf3e, org.springframework.test.context.support.DirtiesContextBeforeModesTestExecutionListener@60f1f95b, org.springframework.test.context.event.ApplicationEventsTestExecutionListener@786cc1df, org.springframework.boot.test.mock.mockito.MockitoTestExecutionListener@1ddb6abb, org.springframework.boot.test.autoconfigure.SpringBootDependencyInjectionTestExecutionListener@6f926d01, org.springframework.test.context.support.DirtiesContextTestExecutionListener@c67a89, org.springframework.test.context.transaction.TransactionalTestExecutionListener@1e3a2177, org.springframework.test.context.jdbc.SqlScriptsTestExecutionListener@58720eb9, org.springframework.test.context.event.EventPublishingTestExecutionListener@24749ad3, org.springframework.boot.test.autoconfigure.restdocs.RestDocsTestExecutionListener@1755aee6, org.springframework.boot.test.autoconfigure.web.client.MockRestServiceServerResetTestExecutionListener@582b14e2, org.springframework.boot.test.autoconfigure.web.servlet.MockMvcPrintOnlyOnFailureTestExecutionListener@10e4ce98, org.springframework.boot.test.autoconfigure.web.servlet.WebDriverTestExecutionListener@10466c55, org.springframework.boot.test.autoconfigure.webservices.client.MockWebServiceServerTestExecutionListener@2a5ed225, org.springframework.boot.test.mock.mockito.ResetMocksTestExecutionListener@2a525f88]
2021-12-18 09:50:31.322  INFO 4236 --- [Test worker] com.rms.MenuWebLayerTest                 : Starting MenuWebLayerTest using Java 17 on LIN76005265 with PID 4236 (started by sbangari in C:\Users\sbangari\Downloads\RestaurantManagementSystem\RestaurantManagemetSystem-main\RestaurantManagementSystem)
2021-12-18 09:50:31.323  INFO 4236 --- [Test worker] com.rms.MenuWebLayerTest                 : The following profiles are active: Test
2021-12-18 09:50:32.915  INFO 4236 --- [Test worker] o.s.b.t.m.w.SpringBootMockServletContext : Initializing Spring TestDispatcherServlet ''
2021-12-18 09:50:32.916  INFO 4236 --- [Test worker] o.s.t.web.servlet.TestDispatcherServlet  : Initializing Servlet ''
2021-12-18 09:50:32.919  INFO 4236 --- [Test worker] o.s.t.web.servlet.TestDispatcherServlet  : Completed initialization in 2 ms
2021-12-18 09:50:33.111  INFO 4236 --- [Test worker] com.rms.MenuWebLayerTest                 : Started MenuWebLayerTest in 1.835 seconds (JVM running for 13.998)
2021-12-18 09:50:33.136 DEBUG 4236 --- [Test worker] o.s.w.f.CommonsRequestLoggingFilter      : Before request [GET /menu/31, client=127.0.0.1]
2021-12-18 09:50:33.159 DEBUG 4236 --- [Test worker] o.s.w.f.CommonsRequestLoggingFilter      : After request [GET /menu/31, client=127.0.0.1]
2021-12-18 09:50:33.173 DEBUG 4236 --- [Test worker] o.s.w.f.CommonsRequestLoggingFilter      : Before request [DELETE /menu/300, client=127.0.0.1]
2021-12-18 09:50:33.180 DEBUG 4236 --- [Test worker] o.s.w.f.CommonsRequestLoggingFilter      : After request [DELETE /menu/300, client=127.0.0.1]
2021-12-18 09:50:33.193 DEBUG 4236 --- [Test worker] o.s.w.f.CommonsRequestLoggingFilter      : Before request [GET /menu, client=127.0.0.1]
2021-12-18 09:50:33.197 DEBUG 4236 --- [Test worker] o.s.w.f.CommonsRequestLoggingFilter      : After request [GET /menu, client=127.0.0.1]
2021-12-18 09:50:33.216 DEBUG 4236 --- [Test worker] o.s.w.f.CommonsRequestLoggingFilter      : Before request [GET /menu, client=127.0.0.1]
2021-12-18 09:50:33.220 DEBUG 4236 --- [Test worker] o.s.w.f.CommonsRequestLoggingFilter      : After request [GET /menu, client=127.0.0.1]
2021-12-18 09:50:33.241 DEBUG 4236 --- [Test worker] o.s.w.f.CommonsRequestLoggingFilter      : Before request [POST /menu, client=127.0.0.1]
2021-12-18 09:50:33.534 DEBUG 4236 --- [Test worker] o.s.w.f.CommonsRequestLoggingFilter      : After request [POST /menu, client=127.0.0.1, payload={"id":35,"name":"test","description":"test","additional":"test","image":"test","price":0}]
2021-12-18 09:50:33.557 DEBUG 4236 --- [Test worker] o.s.w.f.CommonsRequestLoggingFilter      : Before request [GET /menu/search/HAWAIIAN, client=127.0.0.1]
2021-12-18 09:50:33.573 DEBUG 4236 --- [Test worker] o.s.w.f.CommonsRequestLoggingFilter      : After request [GET /menu/search/HAWAIIAN, client=127.0.0.1]
2021-12-18 09:50:33.591 DEBUG 4236 --- [Test worker] o.s.w.f.CommonsRequestLoggingFilter      : Before request [PUT /menu/35, client=127.0.0.1]
2021-12-18 09:50:33.596 DEBUG 4236 --- [Test worker] o.s.w.f.CommonsRequestLoggingFilter      : After request [PUT /menu/35, client=127.0.0.1, payload={"id":35,"name":"test","description":"test","additional":"test","image":"test","price":0}]
2021-12-18 09:50:33.612 DEBUG 4236 --- [Test worker] o.s.w.f.CommonsRequestLoggingFilter      : Before request [POST /menu, client=127.0.0.1]
2021-12-18 09:50:33.628 DEBUG 4236 --- [Test worker] o.s.w.f.CommonsRequestLoggingFilter      : After request [POST /menu, client=127.0.0.1, payload={"id":35,"name":"","description":"test","additional":"test","image":"test","price":0}]
2021-12-18 09:50:33.640 DEBUG 4236 --- [Test worker] o.s.w.f.CommonsRequestLoggingFilter      : Before request [GET /menu/search/HAWAIIAN, client=127.0.0.1]
2021-12-18 09:50:33.643 DEBUG 4236 --- [Test worker] o.s.w.f.CommonsRequestLoggingFilter      : After request [GET /menu/search/HAWAIIAN, client=127.0.0.1]
2021-12-18 09:50:33.656 DEBUG 4236 --- [Test worker] o.s.w.f.CommonsRequestLoggingFilter      : Before request [DELETE /menu/31, client=127.0.0.1]
2021-12-18 09:50:33.658 DEBUG 4236 --- [Test worker] o.s.w.f.CommonsRequestLoggingFilter      : After request [DELETE /menu/31, client=127.0.0.1]
2021-12-18 09:50:33.675 DEBUG 4236 --- [Test worker] o.s.w.f.CommonsRequestLoggingFilter      : Before request [GET /menu/300, client=127.0.0.1]
2021-12-18 09:50:33.679 DEBUG 4236 --- [Test worker] o.s.w.f.CommonsRequestLoggingFilter      : After request [GET /menu/300, client=127.0.0.1]
2021-12-18 09:50:33.694  INFO 4236 --- [Test worker] .b.t.c.SpringBootTestContextBootstrapper : Neither @ContextConfiguration nor @ContextHierarchy found for test class [com.rms.RestaurantManagementSystemApplicationTests], using SpringBootContextLoader
2021-12-18 09:50:33.696  INFO 4236 --- [Test worker] o.s.t.c.support.AbstractContextLoader    : Could not detect default resource locations for test class [com.rms.RestaurantManagementSystemApplicationTests]: no resource found for suffixes {-context.xml, Context.groovy}.
2021-12-18 09:50:33.697  INFO 4236 --- [Test worker] t.c.s.AnnotationConfigContextLoaderUtils : Could not detect default configuration classes for test class [com.rms.RestaurantManagementSystemApplicationTests]: RestaurantManagementSystemApplicationTests does not declare any static, non-private, non-final, nested classes annotated with @Configuration.
2021-12-18 09:50:33.702  INFO 4236 --- [Test worker] .b.t.c.SpringBootTestContextBootstrapper : Found @SpringBootConfiguration com.rms.RestaurantManagementSystemApplication for test class com.rms.RestaurantManagementSystemApplicationTests
2021-12-18 09:50:33.711  INFO 4236 --- [Test worker] .b.t.c.SpringBootTestContextBootstrapper : Loaded default TestExecutionListener class names from location [META-INF/spring.factories]: [org.springframework.boot.test.autoconfigure.restdocs.RestDocsTestExecutionListener, org.springframework.boot.test.autoconfigure.web.client.MockRestServiceServerResetTestExecutionListener, org.springframework.boot.test.autoconfigure.web.servlet.MockMvcPrintOnlyOnFailureTestExecutionListener, org.springframework.boot.test.autoconfigure.web.servlet.WebDriverTestExecutionListener, org.springframework.boot.test.autoconfigure.webservices.client.MockWebServiceServerTestExecutionListener, org.springframework.boot.test.mock.mockito.MockitoTestExecutionListener, org.springframework.boot.test.mock.mockito.ResetMocksTestExecutionListener, org.springframework.test.context.web.ServletTestExecutionListener, org.springframework.test.context.support.DirtiesContextBeforeModesTestExecutionListener, org.springframework.test.context.event.ApplicationEventsTestExecutionListener, org.springframework.test.context.support.DependencyInjectionTestExecutionListener, org.springframework.test.context.support.DirtiesContextTestExecutionListener, org.springframework.test.context.transaction.TransactionalTestExecutionListener, org.springframework.test.context.jdbc.SqlScriptsTestExecutionListener, org.springframework.test.context.event.EventPublishingTestExecutionListener]
2021-12-18 09:50:33.712  INFO 4236 --- [Test worker] .b.t.c.SpringBootTestContextBootstrapper : Using TestExecutionListeners: [org.springframework.test.context.web.ServletTestExecutionListener@63df2eb8, org.springframework.test.context.support.DirtiesContextBeforeModesTestExecutionListener@49c72fb7, org.springframework.test.context.event.ApplicationEventsTestExecutionListener@565983f3, org.springframework.boot.test.mock.mockito.MockitoTestExecutionListener@68024e57, org.springframework.boot.test.autoconfigure.SpringBootDependencyInjectionTestExecutionListener@72321701, org.springframework.test.context.support.DirtiesContextTestExecutionListener@2f83467, org.springframework.test.context.transaction.TransactionalTestExecutionListener@182469d0, org.springframework.test.context.jdbc.SqlScriptsTestExecutionListener@62aefc75, org.springframework.test.context.event.EventPublishingTestExecutionListener@c6653e, org.springframework.boot.test.autoconfigure.restdocs.RestDocsTestExecutionListener@435e224d, org.springframework.boot.test.autoconfigure.web.client.MockRestServiceServerResetTestExecutionListener@788fa91f, org.springframework.boot.test.autoconfigure.web.servlet.MockMvcPrintOnlyOnFailureTestExecutionListener@6dd7af2f, org.springframework.boot.test.autoconfigure.web.servlet.WebDriverTestExecutionListener@5e8bc83e, org.springframework.boot.test.autoconfigure.webservices.client.MockWebServiceServerTestExecutionListener@6c75c5e8, org.springframework.boot.test.mock.mockito.ResetMocksTestExecutionListener@69374e28]
2021-12-18 09:50:33.757  INFO 4236 --- [Test worker] staurantManagementSystemApplicationTests : Starting RestaurantManagementSystemApplicationTests using Java 17 on LIN76005265 with PID 4236 (started by sbangari in C:\Users\sbangari\Downloads\RestaurantManagementSystem\RestaurantManagemetSystem-main\RestaurantManagementSystem)
2021-12-18 09:50:33.758  INFO 4236 --- [Test worker] staurantManagementSystemApplicationTests : No active profile set, falling back to default profiles: default
2021-12-18 09:50:34.683  INFO 4236 --- [Test worker] .s.d.r.c.RepositoryConfigurationDelegate : Bootstrapping Spring Data JPA repositories in DEFAULT mode.
2021-12-18 09:50:34.828  INFO 4236 --- [Test worker] .s.d.r.c.RepositoryConfigurationDelegate : Finished Spring Data repository scanning in 131 ms. Found 6 JPA repository interfaces.
2021-12-18 09:50:35.663  INFO 4236 --- [Test worker] o.hibernate.jpa.internal.util.LogHelper  : HHH000204: Processing PersistenceUnitInfo [name: default]
2021-12-18 09:50:35.786  INFO 4236 --- [Test worker] org.hibernate.Version                    : HHH000412: Hibernate ORM core version 5.4.32.Final
2021-12-18 09:50:35.880  INFO 4236 --- [Test worker] o.hibernate.annotations.common.Version   : HCANN000001: Hibernate Commons Annotations {5.1.2.Final}
2021-12-18 09:50:36.138  INFO 4236 --- [Test worker] com.zaxxer.hikari.HikariDataSource       : HikariPool-1 - Starting...
2021-12-18 09:50:36.874  INFO 4236 --- [Test worker] com.zaxxer.hikari.HikariDataSource       : HikariPool-1 - Start completed.
2021-12-18 09:50:36.924  INFO 4236 --- [Test worker] org.hibernate.dialect.Dialect            : HHH000400: Using dialect: org.hibernate.dialect.PostgreSQLDialect
2021-12-18 09:50:38.117  INFO 4236 --- [Test worker] o.h.e.t.j.p.i.JtaPlatformInitiator       : HHH000490: Using JtaPlatform implementation: [org.hibernate.engine.transaction.jta.platform.internal.NoJtaPlatform]
2021-12-18 09:50:38.137  INFO 4236 --- [Test worker] j.LocalContainerEntityManagerFactoryBean : Initialized JPA EntityManagerFactory for persistence unit 'default'
2021-12-18 09:50:39.586  WARN 4236 --- [Test worker] JpaBaseConfiguration$JpaWebConfiguration : spring.jpa.open-in-view is enabled by default. Therefore, database queries may be performed during view rendering. Explicitly configure spring.jpa.open-in-view to disable this warning
2021-12-18 09:50:41.748  INFO 4236 --- [Test worker] staurantManagementSystemApplicationTests : Started RestaurantManagementSystemApplicationTests in 8.032 seconds (JVM running for 22.635)
2021-12-18 09:50:41.772  INFO 4236 --- [Test worker] .b.t.a.w.s.WebMvcTestContextBootstrapper : Neither @ContextConfiguration nor @ContextHierarchy found for test class [com.rms.UserServiceTest], using SpringBootContextLoader
2021-12-18 09:50:41.775  INFO 4236 --- [Test worker] o.s.t.c.support.AbstractContextLoader    : Could not detect default resource locations for test class [com.rms.UserServiceTest]: no resource found for suffixes {-context.xml, Context.groovy}.
2021-12-18 09:50:41.779  INFO 4236 --- [Test worker] t.c.s.AnnotationConfigContextLoaderUtils : Could not detect default configuration classes for test class [com.rms.UserServiceTest]: UserServiceTest does not declare any static, non-private, non-final, nested classes annotated with @Configuration.
2021-12-18 09:50:41.786  INFO 4236 --- [Test worker] .b.t.c.SpringBootTestContextBootstrapper : Found @SpringBootConfiguration com.rms.RestaurantManagementSystemApplication for test class com.rms.UserServiceTest
2021-12-18 09:50:41.788  INFO 4236 --- [Test worker] .b.t.a.w.s.WebMvcTestContextBootstrapper : Loaded default TestExecutionListener class names from location [META-INF/spring.factories]: [org.springframework.boot.test.autoconfigure.restdocs.RestDocsTestExecutionListener, org.springframework.boot.test.autoconfigure.web.client.MockRestServiceServerResetTestExecutionListener, org.springframework.boot.test.autoconfigure.web.servlet.MockMvcPrintOnlyOnFailureTestExecutionListener, org.springframework.boot.test.autoconfigure.web.servlet.WebDriverTestExecutionListener, org.springframework.boot.test.autoconfigure.webservices.client.MockWebServiceServerTestExecutionListener, org.springframework.boot.test.mock.mockito.MockitoTestExecutionListener, org.springframework.boot.test.mock.mockito.ResetMocksTestExecutionListener, org.springframework.test.context.web.ServletTestExecutionListener, org.springframework.test.context.support.DirtiesContextBeforeModesTestExecutionListener, org.springframework.test.context.event.ApplicationEventsTestExecutionListener, org.springframework.test.context.support.DependencyInjectionTestExecutionListener, org.springframework.test.context.support.DirtiesContextTestExecutionListener, org.springframework.test.context.transaction.TransactionalTestExecutionListener, org.springframework.test.context.jdbc.SqlScriptsTestExecutionListener, org.springframework.test.context.event.EventPublishingTestExecutionListener]
2021-12-18 09:50:41.789  INFO 4236 --- [Test worker] .b.t.a.w.s.WebMvcTestContextBootstrapper : Using TestExecutionListeners: [org.springframework.test.context.web.ServletTestExecutionListener@2184c27b, org.springframework.test.context.support.DirtiesContextBeforeModesTestExecutionListener@707004b6, org.springframework.test.context.event.ApplicationEventsTestExecutionListener@768b79db, org.springframework.boot.test.mock.mockito.MockitoTestExecutionListener@667c2066, org.springframework.boot.test.autoconfigure.SpringBootDependencyInjectionTestExecutionListener@61ecb1c8, org.springframework.test.context.support.DirtiesContextTestExecutionListener@11c94cf7, org.springframework.test.context.transaction.TransactionalTestExecutionListener@3c21bab4, org.springframework.test.context.jdbc.SqlScriptsTestExecutionListener@3b59d246, org.springframework.test.context.event.EventPublishingTestExecutionListener@3fbf4614, org.springframework.boot.test.autoconfigure.restdocs.RestDocsTestExecutionListener@64ca0be0, org.springframework.boot.test.autoconfigure.web.client.MockRestServiceServerResetTestExecutionListener@550fe9d7, org.springframework.boot.test.autoconfigure.web.servlet.MockMvcPrintOnlyOnFailureTestExecutionListener@2031cad2, org.springframework.boot.test.autoconfigure.web.servlet.WebDriverTestExecutionListener@65fbb726, org.springframework.boot.test.autoconfigure.webservices.client.MockWebServiceServerTestExecutionListener@515a3572, org.springframework.boot.test.mock.mockito.ResetMocksTestExecutionListener@7b313fdf]
2021-12-18 09:50:41.837  INFO 4236 --- [Test worker] com.rms.UserServiceTest                  : Starting UserServiceTest using Java 17 on LIN76005265 with PID 4236 (started by sbangari in C:\Users\sbangari\Downloads\RestaurantManagementSystem\RestaurantManagemetSystem-main\RestaurantManagementSystem)
2021-12-18 09:50:41.838  INFO 4236 --- [Test worker] com.rms.UserServiceTest                  : The following profiles are active: Test
2021-12-18 09:50:43.259  INFO 4236 --- [Test worker] o.s.b.t.m.w.SpringBootMockServletContext : Initializing Spring TestDispatcherServlet ''
2021-12-18 09:50:43.260  INFO 4236 --- [Test worker] o.s.t.web.servlet.TestDispatcherServlet  : Initializing Servlet ''
2021-12-18 09:50:43.262  INFO 4236 --- [Test worker] o.s.t.web.servlet.TestDispatcherServlet  : Completed initialization in 1 ms
2021-12-18 09:50:43.435  INFO 4236 --- [Test worker] com.rms.UserServiceTest                  : Started UserServiceTest in 1.639 seconds (JVM running for 24.322)
2021-12-18 09:50:43.450 DEBUG 4236 --- [Test worker] o.s.w.f.CommonsRequestLoggingFilter      : Before request [GET /user, client=127.0.0.1]
2021-12-18 09:50:43.455 DEBUG 4236 --- [Test worker] o.s.w.f.CommonsRequestLoggingFilter      : After request [GET /user, client=127.0.0.1]
2021-12-18 09:50:43.512  INFO 4236 --- [SpringApplicationShutdownHook] j.LocalContainerEntityManagerFactoryBean : Closing JPA EntityManagerFactory for persistence unit 'default'
2021-12-18 09:50:43.517  INFO 4236 --- [SpringApplicationShutdownHook] com.zaxxer.hikari.HikariDataSource       : HikariPool-1 - Shutdown initiated...
2021-12-18 09:50:43.532  INFO 4236 --- [SpringApplicationShutdownHook] com.zaxxer.hikari.HikariDataSource       : HikariPool-1 - Shutdown completed.
2021-12-18 09:52:40.745  INFO 3684 --- [Test worker] com.rms.EmployeeControllerTest           : Starting EmployeeControllerTest using Java 17 on LIN76005265 with PID 3684 (started by sbangari in C:\Users\sbangari\Downloads\RestaurantManagementSystem\RestaurantManagemetSystem-main\RestaurantManagementSystem)
2021-12-18 09:52:40.747  INFO 3684 --- [Test worker] com.rms.EmployeeControllerTest           : The following profiles are active: Test
2021-12-18 09:52:45.696  INFO 3684 --- [Test worker] o.s.b.t.m.w.SpringBootMockServletContext : Initializing Spring TestDispatcherServlet ''
2021-12-18 09:52:45.697  INFO 3684 --- [Test worker] o.s.t.web.servlet.TestDispatcherServlet  : Initializing Servlet ''
2021-12-18 09:52:45.701  INFO 3684 --- [Test worker] o.s.t.web.servlet.TestDispatcherServlet  : Completed initialization in 3 ms
2021-12-18 09:52:46.274  INFO 3684 --- [Test worker] com.rms.EmployeeControllerTest           : Started EmployeeControllerTest in 6.195 seconds (JVM running for 8.735)
2021-12-18 09:52:46.396 DEBUG 3684 --- [Test worker] o.s.w.f.CommonsRequestLoggingFilter      : Before request [GET /api/v1/employees, client=127.0.0.1]
2021-12-18 09:52:46.494 DEBUG 3684 --- [Test worker] o.s.w.f.CommonsRequestLoggingFilter      : After request [GET /api/v1/employees, client=127.0.0.1]
2021-12-18 09:52:46.625  INFO 3684 --- [Test worker] .b.t.a.w.s.WebMvcTestContextBootstrapper : Neither @ContextConfiguration nor @ContextHierarchy found for test class [com.rms.FeedbackControllerTest], using SpringBootContextLoader
2021-12-18 09:52:46.627  INFO 3684 --- [Test worker] o.s.t.c.support.AbstractContextLoader    : Could not detect default resource locations for test class [com.rms.FeedbackControllerTest]: no resource found for suffixes {-context.xml, Context.groovy}.
2021-12-18 09:52:46.627  INFO 3684 --- [Test worker] t.c.s.AnnotationConfigContextLoaderUtils : Could not detect default configuration classes for test class [com.rms.FeedbackControllerTest]: FeedbackControllerTest does not declare any static, non-private, non-final, nested classes annotated with @Configuration.
2021-12-18 09:52:46.634  INFO 3684 --- [Test worker] .b.t.c.SpringBootTestContextBootstrapper : Found @SpringBootConfiguration com.rms.RestaurantManagementSystemApplication for test class com.rms.FeedbackControllerTest
2021-12-18 09:52:46.636  INFO 3684 --- [Test worker] .b.t.a.w.s.WebMvcTestContextBootstrapper : Loaded default TestExecutionListener class names from location [META-INF/spring.factories]: [org.springframework.boot.test.autoconfigure.restdocs.RestDocsTestExecutionListener, org.springframework.boot.test.autoconfigure.web.client.MockRestServiceServerResetTestExecutionListener, org.springframework.boot.test.autoconfigure.web.servlet.MockMvcPrintOnlyOnFailureTestExecutionListener, org.springframework.boot.test.autoconfigure.web.servlet.WebDriverTestExecutionListener, org.springframework.boot.test.autoconfigure.webservices.client.MockWebServiceServerTestExecutionListener, org.springframework.boot.test.mock.mockito.MockitoTestExecutionListener, org.springframework.boot.test.mock.mockito.ResetMocksTestExecutionListener, org.springframework.test.context.web.ServletTestExecutionListener, org.springframework.test.context.support.DirtiesContextBeforeModesTestExecutionListener, org.springframework.test.context.event.ApplicationEventsTestExecutionListener, org.springframework.test.context.support.DependencyInjectionTestExecutionListener, org.springframework.test.context.support.DirtiesContextTestExecutionListener, org.springframework.test.context.transaction.TransactionalTestExecutionListener, org.springframework.test.context.jdbc.SqlScriptsTestExecutionListener, org.springframework.test.context.event.EventPublishingTestExecutionListener]
2021-12-18 09:52:46.637  INFO 3684 --- [Test worker] .b.t.a.w.s.WebMvcTestContextBootstrapper : Using TestExecutionListeners: [org.springframework.test.context.web.ServletTestExecutionListener@14d53884, org.springframework.test.context.support.DirtiesContextBeforeModesTestExecutionListener@126ff1a1, org.springframework.test.context.event.ApplicationEventsTestExecutionListener@546c30c2, org.springframework.boot.test.mock.mockito.MockitoTestExecutionListener@6ba08a09, org.springframework.boot.test.autoconfigure.SpringBootDependencyInjectionTestExecutionListener@568c9ee1, org.springframework.test.context.support.DirtiesContextTestExecutionListener@3b839f68, org.springframework.test.context.transaction.TransactionalTestExecutionListener@e5c52fa, org.springframework.test.context.jdbc.SqlScriptsTestExecutionListener@614361fa, org.springframework.test.context.event.EventPublishingTestExecutionListener@538a90a5, org.springframework.boot.test.autoconfigure.restdocs.RestDocsTestExecutionListener@74d53d63, org.springframework.boot.test.autoconfigure.web.client.MockRestServiceServerResetTestExecutionListener@18f27a81, org.springframework.boot.test.autoconfigure.web.servlet.MockMvcPrintOnlyOnFailureTestExecutionListener@624494d4, org.springframework.boot.test.autoconfigure.web.servlet.WebDriverTestExecutionListener@654c2f81, org.springframework.boot.test.autoconfigure.webservices.client.MockWebServiceServerTestExecutionListener@38af386e, org.springframework.boot.test.mock.mockito.ResetMocksTestExecutionListener@33827b88]
2021-12-18 09:52:46.693  INFO 3684 --- [Test worker] com.rms.FeedbackControllerTest           : Starting FeedbackControllerTest using Java 17 on LIN76005265 with PID 3684 (started by sbangari in C:\Users\sbangari\Downloads\RestaurantManagementSystem\RestaurantManagemetSystem-main\RestaurantManagementSystem)
2021-12-18 09:52:46.693  INFO 3684 --- [Test worker] com.rms.FeedbackControllerTest           : No active profile set, falling back to default profiles: default
2021-12-18 09:52:48.447  INFO 3684 --- [Test worker] o.s.b.t.m.w.SpringBootMockServletContext : Initializing Spring TestDispatcherServlet ''
2021-12-18 09:52:48.449  INFO 3684 --- [Test worker] o.s.t.web.servlet.TestDispatcherServlet  : Initializing Servlet ''
2021-12-18 09:52:48.453  INFO 3684 --- [Test worker] o.s.t.web.servlet.TestDispatcherServlet  : Completed initialization in 3 ms
2021-12-18 09:52:48.665  INFO 3684 --- [Test worker] com.rms.FeedbackControllerTest           : Started FeedbackControllerTest in 2.019 seconds (JVM running for 11.125)
2021-12-18 09:52:48.682 DEBUG 3684 --- [Test worker] o.s.w.f.CommonsRequestLoggingFilter      : Before request [GET /feedback, client=127.0.0.1]
2021-12-18 09:52:48.689 DEBUG 3684 --- [Test worker] o.s.w.f.CommonsRequestLoggingFilter      : After request [GET /feedback, client=127.0.0.1]
2021-12-18 09:52:48.705  INFO 3684 --- [Test worker] .b.t.a.w.s.WebMvcTestContextBootstrapper : Neither @ContextConfiguration nor @ContextHierarchy found for test class [com.rms.MenuWebLayerTest], using SpringBootContextLoader
2021-12-18 09:52:48.708  INFO 3684 --- [Test worker] o.s.t.c.support.AbstractContextLoader    : Could not detect default resource locations for test class [com.rms.MenuWebLayerTest]: no resource found for suffixes {-context.xml, Context.groovy}.
2021-12-18 09:52:48.709  INFO 3684 --- [Test worker] t.c.s.AnnotationConfigContextLoaderUtils : Could not detect default configuration classes for test class [com.rms.MenuWebLayerTest]: MenuWebLayerTest does not declare any static, non-private, non-final, nested classes annotated with @Configuration.
2021-12-18 09:52:48.716  INFO 3684 --- [Test worker] .b.t.c.SpringBootTestContextBootstrapper : Found @SpringBootConfiguration com.rms.RestaurantManagementSystemApplication for test class com.rms.MenuWebLayerTest
2021-12-18 09:52:48.718  INFO 3684 --- [Test worker] .b.t.a.w.s.WebMvcTestContextBootstrapper : Loaded default TestExecutionListener class names from location [META-INF/spring.factories]: [org.springframework.boot.test.autoconfigure.restdocs.RestDocsTestExecutionListener, org.springframework.boot.test.autoconfigure.web.client.MockRestServiceServerResetTestExecutionListener, org.springframework.boot.test.autoconfigure.web.servlet.MockMvcPrintOnlyOnFailureTestExecutionListener, org.springframework.boot.test.autoconfigure.web.servlet.WebDriverTestExecutionListener, org.springframework.boot.test.autoconfigure.webservices.client.MockWebServiceServerTestExecutionListener, org.springframework.boot.test.mock.mockito.MockitoTestExecutionListener, org.springframework.boot.test.mock.mockito.ResetMocksTestExecutionListener, org.springframework.test.context.web.ServletTestExecutionListener, org.springframework.test.context.support.DirtiesContextBeforeModesTestExecutionListener, org.springframework.test.context.event.ApplicationEventsTestExecutionListener, org.springframework.test.context.support.DependencyInjectionTestExecutionListener, org.springframework.test.context.support.DirtiesContextTestExecutionListener, org.springframework.test.context.transaction.TransactionalTestExecutionListener, org.springframework.test.context.jdbc.SqlScriptsTestExecutionListener, org.springframework.test.context.event.EventPublishingTestExecutionListener]
2021-12-18 09:52:48.719  INFO 3684 --- [Test worker] .b.t.a.w.s.WebMvcTestContextBootstrapper : Using TestExecutionListeners: [org.springframework.test.context.web.ServletTestExecutionListener@63e0057a, org.springframework.test.context.support.DirtiesContextBeforeModesTestExecutionListener@5b76b891, org.springframework.test.context.event.ApplicationEventsTestExecutionListener@611a91df, org.springframework.boot.test.mock.mockito.MockitoTestExecutionListener@47f5ab58, org.springframework.boot.test.autoconfigure.SpringBootDependencyInjectionTestExecutionListener@245dbd09, org.springframework.test.context.support.DirtiesContextTestExecutionListener@4a013b23, org.springframework.test.context.transaction.TransactionalTestExecutionListener@7f20dfd5, org.springframework.test.context.jdbc.SqlScriptsTestExecutionListener@15651402, org.springframework.test.context.event.EventPublishingTestExecutionListener@5c194652, org.springframework.boot.test.autoconfigure.restdocs.RestDocsTestExecutionListener@1f02b6d1, org.springframework.boot.test.autoconfigure.web.client.MockRestServiceServerResetTestExecutionListener@66a50c93, org.springframework.boot.test.autoconfigure.web.servlet.MockMvcPrintOnlyOnFailureTestExecutionListener@5bddd141, org.springframework.boot.test.autoconfigure.web.servlet.WebDriverTestExecutionListener@4d6027be, org.springframework.boot.test.autoconfigure.webservices.client.MockWebServiceServerTestExecutionListener@475eb4fd, org.springframework.boot.test.mock.mockito.ResetMocksTestExecutionListener@951e911]
2021-12-18 09:52:48.782  INFO 3684 --- [Test worker] com.rms.MenuWebLayerTest                 : Starting MenuWebLayerTest using Java 17 on LIN76005265 with PID 3684 (started by sbangari in C:\Users\sbangari\Downloads\RestaurantManagementSystem\RestaurantManagemetSystem-main\RestaurantManagementSystem)
2021-12-18 09:52:48.782  INFO 3684 --- [Test worker] com.rms.MenuWebLayerTest                 : The following profiles are active: Test
2021-12-18 09:52:50.203  INFO 3684 --- [Test worker] o.s.b.t.m.w.SpringBootMockServletContext : Initializing Spring TestDispatcherServlet ''
2021-12-18 09:52:50.204  INFO 3684 --- [Test worker] o.s.t.web.servlet.TestDispatcherServlet  : Initializing Servlet ''
2021-12-18 09:52:50.206  INFO 3684 --- [Test worker] o.s.t.web.servlet.TestDispatcherServlet  : Completed initialization in 1 ms
2021-12-18 09:52:50.355  INFO 3684 --- [Test worker] com.rms.MenuWebLayerTest                 : Started MenuWebLayerTest in 1.627 seconds (JVM running for 12.815)
2021-12-18 09:52:50.369 DEBUG 3684 --- [Test worker] o.s.w.f.CommonsRequestLoggingFilter      : Before request [GET /menu/31, client=127.0.0.1]
2021-12-18 09:52:50.388 DEBUG 3684 --- [Test worker] o.s.w.f.CommonsRequestLoggingFilter      : After request [GET /menu/31, client=127.0.0.1]
2021-12-18 09:52:50.403 DEBUG 3684 --- [Test worker] o.s.w.f.CommonsRequestLoggingFilter      : Before request [DELETE /menu/300, client=127.0.0.1]
2021-12-18 09:52:50.411 DEBUG 3684 --- [Test worker] o.s.w.f.CommonsRequestLoggingFilter      : After request [DELETE /menu/300, client=127.0.0.1]
2021-12-18 09:52:50.422 DEBUG 3684 --- [Test worker] o.s.w.f.CommonsRequestLoggingFilter      : Before request [GET /menu, client=127.0.0.1]
2021-12-18 09:52:50.426 DEBUG 3684 --- [Test worker] o.s.w.f.CommonsRequestLoggingFilter      : After request [GET /menu, client=127.0.0.1]
2021-12-18 09:52:50.439 DEBUG 3684 --- [Test worker] o.s.w.f.CommonsRequestLoggingFilter      : Before request [GET /menu, client=127.0.0.1]
2021-12-18 09:52:50.441 DEBUG 3684 --- [Test worker] o.s.w.f.CommonsRequestLoggingFilter      : After request [GET /menu, client=127.0.0.1]
2021-12-18 09:52:50.459 DEBUG 3684 --- [Test worker] o.s.w.f.CommonsRequestLoggingFilter      : Before request [POST /menu, client=127.0.0.1]
2021-12-18 09:52:50.654 DEBUG 3684 --- [Test worker] o.s.w.f.CommonsRequestLoggingFilter      : After request [POST /menu, client=127.0.0.1, payload={"id":35,"name":"test","description":"test","additional":"test","image":"test","price":0}]
2021-12-18 09:52:50.664 DEBUG 3684 --- [Test worker] o.s.w.f.CommonsRequestLoggingFilter      : Before request [GET /menu/search/HAWAIIAN, client=127.0.0.1]
2021-12-18 09:52:50.677 DEBUG 3684 --- [Test worker] o.s.w.f.CommonsRequestLoggingFilter      : After request [GET /menu/search/HAWAIIAN, client=127.0.0.1]
2021-12-18 09:52:50.687 DEBUG 3684 --- [Test worker] o.s.w.f.CommonsRequestLoggingFilter      : Before request [PUT /menu/35, client=127.0.0.1]
2021-12-18 09:52:50.692 DEBUG 3684 --- [Test worker] o.s.w.f.CommonsRequestLoggingFilter      : After request [PUT /menu/35, client=127.0.0.1, payload={"id":35,"name":"test","description":"test","additional":"test","image":"test","price":0}]
2021-12-18 09:52:50.702 DEBUG 3684 --- [Test worker] o.s.w.f.CommonsRequestLoggingFilter      : Before request [POST /menu, client=127.0.0.1]
2021-12-18 09:52:50.712 DEBUG 3684 --- [Test worker] o.s.w.f.CommonsRequestLoggingFilter      : After request [POST /menu, client=127.0.0.1, payload={"id":35,"name":"","description":"test","additional":"test","image":"test","price":0}]
2021-12-18 09:52:50.723 DEBUG 3684 --- [Test worker] o.s.w.f.CommonsRequestLoggingFilter      : Before request [GET /menu/search/HAWAIIAN, client=127.0.0.1]
2021-12-18 09:52:50.726 DEBUG 3684 --- [Test worker] o.s.w.f.CommonsRequestLoggingFilter      : After request [GET /menu/search/HAWAIIAN, client=127.0.0.1]
2021-12-18 09:52:50.736 DEBUG 3684 --- [Test worker] o.s.w.f.CommonsRequestLoggingFilter      : Before request [DELETE /menu/31, client=127.0.0.1]
2021-12-18 09:52:50.738 DEBUG 3684 --- [Test worker] o.s.w.f.CommonsRequestLoggingFilter      : After request [DELETE /menu/31, client=127.0.0.1]
2021-12-18 09:52:50.750 DEBUG 3684 --- [Test worker] o.s.w.f.CommonsRequestLoggingFilter      : Before request [GET /menu/300, client=127.0.0.1]
2021-12-18 09:52:50.752 DEBUG 3684 --- [Test worker] o.s.w.f.CommonsRequestLoggingFilter      : After request [GET /menu/300, client=127.0.0.1]
2021-12-18 09:52:50.762  INFO 3684 --- [Test worker] .b.t.c.SpringBootTestContextBootstrapper : Neither @ContextConfiguration nor @ContextHierarchy found for test class [com.rms.RestaurantManagementSystemApplicationTests], using SpringBootContextLoader
2021-12-18 09:52:50.764  INFO 3684 --- [Test worker] o.s.t.c.support.AbstractContextLoader    : Could not detect default resource locations for test class [com.rms.RestaurantManagementSystemApplicationTests]: no resource found for suffixes {-context.xml, Context.groovy}.
2021-12-18 09:52:50.764  INFO 3684 --- [Test worker] t.c.s.AnnotationConfigContextLoaderUtils : Could not detect default configuration classes for test class [com.rms.RestaurantManagementSystemApplicationTests]: RestaurantManagementSystemApplicationTests does not declare any static, non-private, non-final, nested classes annotated with @Configuration.
2021-12-18 09:52:50.767  INFO 3684 --- [Test worker] .b.t.c.SpringBootTestContextBootstrapper : Found @SpringBootConfiguration com.rms.RestaurantManagementSystemApplication for test class com.rms.RestaurantManagementSystemApplicationTests
2021-12-18 09:52:50.774  INFO 3684 --- [Test worker] .b.t.c.SpringBootTestContextBootstrapper : Loaded default TestExecutionListener class names from location [META-INF/spring.factories]: [org.springframework.boot.test.autoconfigure.restdocs.RestDocsTestExecutionListener, org.springframework.boot.test.autoconfigure.web.client.MockRestServiceServerResetTestExecutionListener, org.springframework.boot.test.autoconfigure.web.servlet.MockMvcPrintOnlyOnFailureTestExecutionListener, org.springframework.boot.test.autoconfigure.web.servlet.WebDriverTestExecutionListener, org.springframework.boot.test.autoconfigure.webservices.client.MockWebServiceServerTestExecutionListener, org.springframework.boot.test.mock.mockito.MockitoTestExecutionListener, org.springframework.boot.test.mock.mockito.ResetMocksTestExecutionListener, org.springframework.test.context.web.ServletTestExecutionListener, org.springframework.test.context.support.DirtiesContextBeforeModesTestExecutionListener, org.springframework.test.context.event.ApplicationEventsTestExecutionListener, org.springframework.test.context.support.DependencyInjectionTestExecutionListener, org.springframework.test.context.support.DirtiesContextTestExecutionListener, org.springframework.test.context.transaction.TransactionalTestExecutionListener, org.springframework.test.context.jdbc.SqlScriptsTestExecutionListener, org.springframework.test.context.event.EventPublishingTestExecutionListener]
2021-12-18 09:52:50.775  INFO 3684 --- [Test worker] .b.t.c.SpringBootTestContextBootstrapper : Using TestExecutionListeners: [org.springframework.test.context.web.ServletTestExecutionListener@7b1b1784, org.springframework.test.context.support.DirtiesContextBeforeModesTestExecutionListener@288e50c1, org.springframework.test.context.event.ApplicationEventsTestExecutionListener@58e0d1ac, org.springframework.boot.test.mock.mockito.MockitoTestExecutionListener@7fba30fe, org.springframework.boot.test.autoconfigure.SpringBootDependencyInjectionTestExecutionListener@5cbebfba, org.springframework.test.context.support.DirtiesContextTestExecutionListener@66ce4b4, org.springframework.test.context.transaction.TransactionalTestExecutionListener@58df2864, org.springframework.test.context.jdbc.SqlScriptsTestExecutionListener@76ccde41, org.springframework.test.context.event.EventPublishingTestExecutionListener@5f26fc4d, org.springframework.boot.test.autoconfigure.restdocs.RestDocsTestExecutionListener@3e8eea59, org.springframework.boot.test.autoconfigure.web.client.MockRestServiceServerResetTestExecutionListener@1fb379e4, org.springframework.boot.test.autoconfigure.web.servlet.MockMvcPrintOnlyOnFailureTestExecutionListener@f9d8285, org.springframework.boot.test.autoconfigure.web.servlet.WebDriverTestExecutionListener@67b1c3af, org.springframework.boot.test.autoconfigure.webservices.client.MockWebServiceServerTestExecutionListener@2e243122, org.springframework.boot.test.mock.mockito.ResetMocksTestExecutionListener@2a5c115b]
2021-12-18 09:52:50.812  INFO 3684 --- [Test worker] staurantManagementSystemApplicationTests : Starting RestaurantManagementSystemApplicationTests using Java 17 on LIN76005265 with PID 3684 (started by sbangari in C:\Users\sbangari\Downloads\RestaurantManagementSystem\RestaurantManagemetSystem-main\RestaurantManagementSystem)
2021-12-18 09:52:50.813  INFO 3684 --- [Test worker] staurantManagementSystemApplicationTests : No active profile set, falling back to default profiles: default
2021-12-18 09:52:51.557  INFO 3684 --- [Test worker] .s.d.r.c.RepositoryConfigurationDelegate : Bootstrapping Spring Data JPA repositories in DEFAULT mode.
2021-12-18 09:52:51.685  INFO 3684 --- [Test worker] .s.d.r.c.RepositoryConfigurationDelegate : Finished Spring Data repository scanning in 115 ms. Found 6 JPA repository interfaces.
2021-12-18 09:52:52.412  INFO 3684 --- [Test worker] o.hibernate.jpa.internal.util.LogHelper  : HHH000204: Processing PersistenceUnitInfo [name: default]
2021-12-18 09:52:52.534  INFO 3684 --- [Test worker] org.hibernate.Version                    : HHH000412: Hibernate ORM core version 5.4.32.Final
2021-12-18 09:52:52.612  INFO 3684 --- [Test worker] o.hibernate.annotations.common.Version   : HCANN000001: Hibernate Commons Annotations {5.1.2.Final}
2021-12-18 09:52:52.803  INFO 3684 --- [Test worker] com.zaxxer.hikari.HikariDataSource       : HikariPool-1 - Starting...
2021-12-18 09:52:53.471  INFO 3684 --- [Test worker] com.zaxxer.hikari.HikariDataSource       : HikariPool-1 - Start completed.
2021-12-18 09:52:53.514  INFO 3684 --- [Test worker] org.hibernate.dialect.Dialect            : HHH000400: Using dialect: org.hibernate.dialect.PostgreSQLDialect
2021-12-18 09:52:54.575  INFO 3684 --- [Test worker] o.h.e.t.j.p.i.JtaPlatformInitiator       : HHH000490: Using JtaPlatform implementation: [org.hibernate.engine.transaction.jta.platform.internal.NoJtaPlatform]
2021-12-18 09:52:54.600  INFO 3684 --- [Test worker] j.LocalContainerEntityManagerFactoryBean : Initialized JPA EntityManagerFactory for persistence unit 'default'
2021-12-18 09:52:55.954  WARN 3684 --- [Test worker] JpaBaseConfiguration$JpaWebConfiguration : spring.jpa.open-in-view is enabled by default. Therefore, database queries may be performed during view rendering. Explicitly configure spring.jpa.open-in-view to disable this warning
2021-12-18 09:52:57.903  INFO 3684 --- [Test worker] staurantManagementSystemApplicationTests : Started RestaurantManagementSystemApplicationTests in 7.123 seconds (JVM running for 20.363)
2021-12-18 09:52:57.921  INFO 3684 --- [Test worker] .b.t.a.w.s.WebMvcTestContextBootstrapper : Neither @ContextConfiguration nor @ContextHierarchy found for test class [com.rms.UserServiceTest], using SpringBootContextLoader
2021-12-18 09:52:57.924  INFO 3684 --- [Test worker] o.s.t.c.support.AbstractContextLoader    : Could not detect default resource locations for test class [com.rms.UserServiceTest]: no resource found for suffixes {-context.xml, Context.groovy}.
2021-12-18 09:52:57.925  INFO 3684 --- [Test worker] t.c.s.AnnotationConfigContextLoaderUtils : Could not detect default configuration classes for test class [com.rms.UserServiceTest]: UserServiceTest does not declare any static, non-private, non-final, nested classes annotated with @Configuration.
2021-12-18 09:52:57.931  INFO 3684 --- [Test worker] .b.t.c.SpringBootTestContextBootstrapper : Found @SpringBootConfiguration com.rms.RestaurantManagementSystemApplication for test class com.rms.UserServiceTest
2021-12-18 09:52:57.933  INFO 3684 --- [Test worker] .b.t.a.w.s.WebMvcTestContextBootstrapper : Loaded default TestExecutionListener class names from location [META-INF/spring.factories]: [org.springframework.boot.test.autoconfigure.restdocs.RestDocsTestExecutionListener, org.springframework.boot.test.autoconfigure.web.client.MockRestServiceServerResetTestExecutionListener, org.springframework.boot.test.autoconfigure.web.servlet.MockMvcPrintOnlyOnFailureTestExecutionListener, org.springframework.boot.test.autoconfigure.web.servlet.WebDriverTestExecutionListener, org.springframework.boot.test.autoconfigure.webservices.client.MockWebServiceServerTestExecutionListener, org.springframework.boot.test.mock.mockito.MockitoTestExecutionListener, org.springframework.boot.test.mock.mockito.ResetMocksTestExecutionListener, org.springframework.test.context.web.ServletTestExecutionListener, org.springframework.test.context.support.DirtiesContextBeforeModesTestExecutionListener, org.springframework.test.context.event.ApplicationEventsTestExecutionListener, org.springframework.test.context.support.DependencyInjectionTestExecutionListener, org.springframework.test.context.support.DirtiesContextTestExecutionListener, org.springframework.test.context.transaction.TransactionalTestExecutionListener, org.springframework.test.context.jdbc.SqlScriptsTestExecutionListener, org.springframework.test.context.event.EventPublishingTestExecutionListener]
2021-12-18 09:52:57.934  INFO 3684 --- [Test worker] .b.t.a.w.s.WebMvcTestContextBootstrapper : Using TestExecutionListeners: [org.springframework.test.context.web.ServletTestExecutionListener@11c94cf7, org.springframework.test.context.support.DirtiesContextBeforeModesTestExecutionListener@3c21bab4, org.springframework.test.context.event.ApplicationEventsTestExecutionListener@3b59d246, org.springframework.boot.test.mock.mockito.MockitoTestExecutionListener@3fbf4614, org.springframework.boot.test.autoconfigure.SpringBootDependencyInjectionTestExecutionListener@64ca0be0, org.springframework.test.context.support.DirtiesContextTestExecutionListener@550fe9d7, org.springframework.test.context.transaction.TransactionalTestExecutionListener@2031cad2, org.springframework.test.context.jdbc.SqlScriptsTestExecutionListener@65fbb726, org.springframework.test.context.event.EventPublishingTestExecutionListener@515a3572, org.springframework.boot.test.autoconfigure.restdocs.RestDocsTestExecutionListener@7b313fdf, org.springframework.boot.test.autoconfigure.web.client.MockRestServiceServerResetTestExecutionListener@55781d31, org.springframework.boot.test.autoconfigure.web.servlet.MockMvcPrintOnlyOnFailureTestExecutionListener@6d02c23f, org.springframework.boot.test.autoconfigure.web.servlet.WebDriverTestExecutionListener@6df38b48, org.springframework.boot.test.autoconfigure.webservices.client.MockWebServiceServerTestExecutionListener@1f4e9eee, org.springframework.boot.test.mock.mockito.ResetMocksTestExecutionListener@aca89a3]
2021-12-18 09:52:57.973  INFO 3684 --- [Test worker] com.rms.UserServiceTest                  : Starting UserServiceTest using Java 17 on LIN76005265 with PID 3684 (started by sbangari in C:\Users\sbangari\Downloads\RestaurantManagementSystem\RestaurantManagemetSystem-main\RestaurantManagementSystem)
2021-12-18 09:52:57.973  INFO 3684 --- [Test worker] com.rms.UserServiceTest                  : The following profiles are active: Test
2021-12-18 09:52:59.147  INFO 3684 --- [Test worker] o.s.b.t.m.w.SpringBootMockServletContext : Initializing Spring TestDispatcherServlet ''
2021-12-18 09:52:59.147  INFO 3684 --- [Test worker] o.s.t.web.servlet.TestDispatcherServlet  : Initializing Servlet ''
2021-12-18 09:52:59.149  INFO 3684 --- [Test worker] o.s.t.web.servlet.TestDispatcherServlet  : Completed initialization in 1 ms
2021-12-18 09:52:59.269  INFO 3684 --- [Test worker] com.rms.UserServiceTest                  : Started UserServiceTest in 1.332 seconds (JVM running for 21.729)
2021-12-18 09:52:59.282 DEBUG 3684 --- [Test worker] o.s.w.f.CommonsRequestLoggingFilter      : Before request [GET /user, client=127.0.0.1]
2021-12-18 09:52:59.287 DEBUG 3684 --- [Test worker] o.s.w.f.CommonsRequestLoggingFilter      : After request [GET /user, client=127.0.0.1]
2021-12-18 09:52:59.322  INFO 3684 --- [SpringApplicationShutdownHook] j.LocalContainerEntityManagerFactoryBean : Closing JPA EntityManagerFactory for persistence unit 'default'
2021-12-18 09:52:59.325  INFO 3684 --- [SpringApplicationShutdownHook] com.zaxxer.hikari.HikariDataSource       : HikariPool-1 - Shutdown initiated...
2021-12-18 09:52:59.338  INFO 3684 --- [SpringApplicationShutdownHook] com.zaxxer.hikari.HikariDataSource       : HikariPool-1 - Shutdown completed.
